2025-11-18T18:29:08.522Z - ERROR: Error: Failed query: select "id", "name", "email", "password_hash", "created_at" from "users" where "users"."email" = $1
params: alice@example.com
    at NeonHttpPreparedQuery.queryWithCache (file:///D:/PROGRAMACAO/teste/react-native-recipe-app/backend/node_modules/drizzle-orm/pg-core/session.js:42:15)
    at process.processTicksAndRejections (node:internal/process/task_queues:105:5)
    at async NeonHttpPreparedQuery.execute (file:///D:/PROGRAMACAO/teste/react-native-recipe-app/backend/node_modules/drizzle-orm/neon-http/session.js:45:20)
    at async login (file:///D:/PROGRAMACAO/teste/react-native-recipe-app/backend/src/controllers/authController.js:49:24)

2025-11-18T18:29:14.154Z - ERROR: Error: Failed query: select "id", "name", "email", "password_hash", "created_at" from "users" where "users"."email" = $1
params: alice@example.com
    at NeonHttpPreparedQuery.queryWithCache (file:///D:/PROGRAMACAO/teste/react-native-recipe-app/backend/node_modules/drizzle-orm/pg-core/session.js:42:15)
    at process.processTicksAndRejections (node:internal/process/task_queues:105:5)
    at async NeonHttpPreparedQuery.execute (file:///D:/PROGRAMACAO/teste/react-native-recipe-app/backend/node_modules/drizzle-orm/neon-http/session.js:45:20)
    at async login (file:///D:/PROGRAMACAO/teste/react-native-recipe-app/backend/src/controllers/authController.js:49:24)

2025-11-18T18:33:58.870Z - ERROR: Error: Failed query: select "id", "name", "email", "password_hash", "created_at" from "users" where "users"."email" = $1
params: alice@example.com
    at NeonHttpPreparedQuery.queryWithCache (file:///D:/PROGRAMACAO/teste/react-native-recipe-app/backend/node_modules/drizzle-orm/pg-core/session.js:42:15)
    at process.processTicksAndRejections (node:internal/process/task_queues:105:5)
    at async NeonHttpPreparedQuery.execute (file:///D:/PROGRAMACAO/teste/react-native-recipe-app/backend/node_modules/drizzle-orm/neon-http/session.js:45:20)
    at async login (file:///D:/PROGRAMACAO/teste/react-native-recipe-app/backend/src/controllers/authController.js:49:24)

2025-11-18T18:42:07.595Z - ERROR: Error: Failed query: select "id", "name", "email", "password_hash", "created_at" from "users" where "users"."email" = $1
params: alice@example.com
    at NeonHttpPreparedQuery.queryWithCache (file:///D:/PROGRAMACAO/teste/react-native-recipe-app/backend/node_modules/drizzle-orm/pg-core/session.js:42:15)
    at process.processTicksAndRejections (node:internal/process/task_queues:105:5)
    at async NeonHttpPreparedQuery.execute (file:///D:/PROGRAMACAO/teste/react-native-recipe-app/backend/node_modules/drizzle-orm/neon-http/session.js:45:20)
    at async login (file:///D:/PROGRAMACAO/teste/react-native-recipe-app/backend/src/controllers/authController.js:49:24)

2025-11-18T18:44:15.401Z - ERROR: Error: Failed query: select "id", "name", "email", "password_hash", "created_at" from "users" where "users"."email" = $1
params: alice@example.com
    at NeonHttpPreparedQuery.queryWithCache (file:///D:/PROGRAMACAO/teste/react-native-recipe-app/backend/node_modules/drizzle-orm/pg-core/session.js:42:15)
    at process.processTicksAndRejections (node:internal/process/task_queues:105:5)
    at async NeonHttpPreparedQuery.execute (file:///D:/PROGRAMACAO/teste/react-native-recipe-app/backend/node_modules/drizzle-orm/neon-http/session.js:45:20)
    at async login (file:///D:/PROGRAMACAO/teste/react-native-recipe-app/backend/src/controllers/authController.js:49:24)

2025-11-18T18:47:36.828Z - ERROR: Error: Failed query: select "id", "name", "email", "password_hash", "created_at" from "users" where "users"."email" = $1
params: alice@example.com
    at NeonHttpPreparedQuery.queryWithCache (file:///D:/PROGRAMACAO/teste/react-native-recipe-app/backend/node_modules/drizzle-orm/pg-core/session.js:42:15)
    at process.processTicksAndRejections (node:internal/process/task_queues:105:5)
    at async NeonHttpPreparedQuery.execute (file:///D:/PROGRAMACAO/teste/react-native-recipe-app/backend/node_modules/drizzle-orm/neon-http/session.js:45:20)
    at async login (file:///D:/PROGRAMACAO/teste/react-native-recipe-app/backend/src/controllers/authController.js:49:24)

2025-11-18T18:48:19.058Z - ERROR: Error: Failed query: select "id", "name", "email", "password_hash", "created_at" from "users" where "users"."email" = $1
params: alice@example.com
    at NeonHttpPreparedQuery.queryWithCache (file:///D:/PROGRAMACAO/teste/react-native-recipe-app/backend/node_modules/drizzle-orm/pg-core/session.js:42:15)
    at process.processTicksAndRejections (node:internal/process/task_queues:105:5)
    at async NeonHttpPreparedQuery.execute (file:///D:/PROGRAMACAO/teste/react-native-recipe-app/backend/node_modules/drizzle-orm/neon-http/session.js:45:20)
    at async login (file:///D:/PROGRAMACAO/teste/react-native-recipe-app/backend/src/controllers/authController.js:49:24)

2025-11-18T18:55:08.081Z - ERROR: Error: Failed query: select "id", "name", "email", "password_hash", "created_at" from "users" where "users"."email" = $1
params: alice@example.com
    at NeonHttpPreparedQuery.queryWithCache (file:///D:/PROGRAMACAO/teste/react-native-recipe-app/backend/node_modules/drizzle-orm/pg-core/session.js:42:15)
    at process.processTicksAndRejections (node:internal/process/task_queues:105:5)
    at async NeonHttpPreparedQuery.execute (file:///D:/PROGRAMACAO/teste/react-native-recipe-app/backend/node_modules/drizzle-orm/neon-http/session.js:45:20)
    at async login (file:///D:/PROGRAMACAO/teste/react-native-recipe-app/backend/src/controllers/authController.js:50:24)

2025-11-18T19:04:25.600Z - ERROR: Error: Failed query: select "id", "name", "email", "password_hash", "created_at" from "users" where "users"."email" = $1
params: alice@example.com
    at PostgresJsPreparedQuery.queryWithCache (file:///D:/PROGRAMACAO/teste/react-native-recipe-app/backend/node_modules/drizzle-orm/pg-core/session.js:42:15)
    at process.processTicksAndRejections (node:internal/process/task_queues:105:5)
    at async file:///D:/PROGRAMACAO/teste/react-native-recipe-app/backend/node_modules/drizzle-orm/postgres-js/session.js:37:20
    at async login (file:///D:/PROGRAMACAO/teste/react-native-recipe-app/backend/src/controllers/authController.js:50:24)

2025-11-18T19:07:05.569Z - ERROR: Error: Failed query: select "id", "name", "email", "password_hash", "created_at" from "users" where "users"."email" = $1
params: alice@example.com
    at PostgresJsPreparedQuery.queryWithCache (file:///D:/PROGRAMACAO/teste/react-native-recipe-app/backend/node_modules/drizzle-orm/pg-core/session.js:42:15)
    at process.processTicksAndRejections (node:internal/process/task_queues:105:5)
    at async file:///D:/PROGRAMACAO/teste/react-native-recipe-app/backend/node_modules/drizzle-orm/postgres-js/session.js:37:20
    at async login (file:///D:/PROGRAMACAO/teste/react-native-recipe-app/backend/src/controllers/authController.js:50:24)

2025-11-18T19:09:00.916Z - ERROR: Error: Failed query: select "id", "name", "email", "password_hash", "created_at" from "users" where "users"."email" = $1
params: alice@example.com
    at PostgresJsPreparedQuery.queryWithCache (file:///D:/PROGRAMACAO/teste/react-native-recipe-app/backend/node_modules/drizzle-orm/pg-core/session.js:42:15)
    at process.processTicksAndRejections (node:internal/process/task_queues:105:5)
    at async file:///D:/PROGRAMACAO/teste/react-native-recipe-app/backend/node_modules/drizzle-orm/postgres-js/session.js:37:20
    at async login (file:///D:/PROGRAMACAO/teste/react-native-recipe-app/backend/src/controllers/authController.js:50:24)

2025-11-18T19:11:43.182Z - ERROR: Error: Failed query: select "id", "name", "email", "password_hash", "created_at" from "users" where "users"."email" = $1
params: alice@example.com
    at PostgresJsPreparedQuery.queryWithCache (file:///D:/PROGRAMACAO/teste/react-native-recipe-app/backend/node_modules/drizzle-orm/pg-core/session.js:42:15)
    at process.processTicksAndRejections (node:internal/process/task_queues:105:5)
    at async file:///D:/PROGRAMACAO/teste/react-native-recipe-app/backend/node_modules/drizzle-orm/postgres-js/session.js:37:20
    at async login (file:///D:/PROGRAMACAO/teste/react-native-recipe-app/backend/src/controllers/authController.js:49:24)

